<?xml version="1.0" encoding="UTF-8"?>
<!-- Generated by org.testng.reporters.JUnitReportReporter -->
<testsuite hostname="DESKTOP-6IM55F2" failures="0" tests="2" name="LoginTest" time="2.579" errors="0" timestamp="2025-03-21T14:53:27 CET" skipped="0">
  <testcase classname="LoginTest" name="connexionFailedTest" time="1.261"/>
  <testcase classname="LoginTest" name="connexionTest" time="1.318"/>
</testsuite> <!-- LoginTest -->
