<?xml version="1.0" encoding="UTF-8"?>
<!-- Generated by org.testng.reporters.JUnitReportReporter -->
<testsuite hostname="DESKTOP-6IM55F2" failures="0" tests="1" name="E2eLoginTest" time="2.173" errors="0" timestamp="2025-03-21T14:53:27 CET" skipped="0">
  <testcase classname="E2eLoginTest" name="checkoutTest" time="2.173"/>
</testsuite> <!-- E2eLoginTest -->
